init1660535978849
init success
Server2 Runing
发起选举
发起选举
1:2
投票
app1660535982803
心跳
app1660535982803
心跳
app1660535982804
心跳
app1660535982804
心跳
app1660535982804
心跳
app1660535982805
心跳
app1660535982805
心跳
app1660535982805
心跳
app1660535982806
心跳
app1660535982806
心跳
app1660535982806
心跳
app1660535982807
心跳
app1660535982807
心跳
app1660535982807
心跳
app1660535982808
心跳
app1660535982808
心跳
app1660535982808
心跳
app1660535982809
心跳
app1660535982809
心跳
app1660535982809
心跳
app1660535982810
心跳
app1660535982810
心跳
app1660535982810
心跳
app1660535982811
心跳
app1660535982811
心跳
app1660535982812
心跳
app1660535982812
心跳
app1660535982813
心跳
app1660535982813
心跳
app1660535982813
心跳
app1660535982814
心跳
app1660535982814
心跳
app1660535982814
心跳
app1660535982815
心跳
app1660535982815
心跳
app1660535982816
心跳
app1660535982816
心跳
app1660535982816
心跳
app1660535982817
心跳
app1660535982817
心跳
app1660535982817
心跳
app1660535982818
心跳
app1660535982818
心跳
app1660535982818
心跳
app1660535982819
心跳
app1660535982819
心跳
app1660535982819
心跳
app1660535982820
心跳
app1660535982820
心跳
app1660535982820
心跳
app1660535982821
心跳
app1660535982822
心跳
app1660535982823
心跳
app1660535982823
心跳
app1660535982824
心跳
app1660535982824
心跳
app1660535982825
心跳
app1660535982825
心跳
app1660535982825
心跳
app1660535982826
心跳
app1660535982826
心跳
app1660535982826
心跳
app1660535982826
心跳
app1660535982827
心跳
app1660535982828
心跳
app1660535982828
心跳
app1660535982828
心跳
app1660535982828
心跳
app1660535982829
心跳
app1660535982829
心跳
app1660535982830
心跳
app1660535982830
心跳
app1660535982830
心跳
app1660535982831
心跳
app1660535982831
心跳
app1660535982832
心跳
app1660535982832
心跳
app1660535982832
心跳
app1660535982833
心跳
app1660535982833
心跳
app1660535982833
心跳
app1660535982834
心跳
app1660535982834
心跳
app1660535982835
心跳
app1660535982835
心跳
app1660535982835
心跳
app1660535982835
心跳
app1660535982836
心跳
app1660535982836
心跳
app1660535982836
心跳
app1660535982837
心跳
app1660535982837
心跳
app1660535982838
心跳
app1660535982838
心跳
app1660535982838
心跳
app1660535982839
心跳
app1660535982839
心跳
app1660535982840
心跳
app1660535982840
心跳
app1660535982840
心跳
app1660535982841
心跳
app1660535982841
心跳
app1660535982841
心跳
app1660535982842
心跳
app1660535982842
心跳
app1660535982842
心跳
app1660535982842
心跳
app1660535982843
心跳
app1660535982843
心跳
app1660535982844
心跳
app1660535982844
心跳
app1660535982844
心跳
app1660535982845
心跳
app1660535982845
心跳
app1660535982845
心跳
app1660535982846
心跳
app1660535982846
心跳
app1660535982846
心跳
app1660535982846
心跳
app1660535982847
心跳
app1660535982848
心跳
app1660535982848
心跳
app1660535982848
心跳
app1660535982849
心跳
app1660535982849
心跳
app1660535982849
心跳
app1660535982850
心跳
app1660535982850
心跳
app1660535982851
心跳
app1660535982851
心跳
app1660535982851
心跳
app1660535982852
心跳
app1660535982852
心跳
app1660535982853
app1660535982854
发起选举
err34
app1660535982855
err34
app1660535982855
err34
app1660535982856
err34
app1660535982856
err34
app1660535982856
err34
app1660535982856
err34
app1660535982856
err34
app1660535982856
err34
err34
app1660535982856
err34
app1660535982856
err34
app1660535982857
err34
app1660535982857
err34
app1660535982857
err34
app1660535982857
err34
app1660535982858
err34
app1660535982858
err34
app1660535982858
err34
app1660535982859
err34
app1660535982859
err34
app1660535982860
err34
app1660535982860
err34
app1660535982860
err34
app1660535982861
err34
app1660535982861
err34
app1660535982861
err34
app1660535982861
err34
app1660535982861
err34
app1660535982865
err34
app1660535982865
err34
app1660535982865
err34
发起选举
发起选举
发起选举
发起选举
发起选举
